Determining if the pthread_create exist failed with the following output:
Change Dir: /home/dylan/catkin__ws/build/teleop_controller/CMakeFiles/CMakeTmp

Run Build Command:"/usr/bin/make" "cmTC_79fcd/fast"
/usr/bin/make -f CMakeFiles/cmTC_79fcd.dir/build.make CMakeFiles/cmTC_79fcd.dir/build
make[1]: Entering directory '/home/dylan/catkin__ws/build/teleop_controller/CMakeFiles/CMakeTmp'
Building C object CMakeFiles/cmTC_79fcd.dir/CheckSymbolExists.c.o
/usr/bin/cc    -o CMakeFiles/cmTC_79fcd.dir/CheckSymbolExists.c.o   -c /home/dylan/catkin__ws/build/teleop_controller/CMakeFiles/CMakeTmp/CheckSymbolExists.c
Linking C executable cmTC_79fcd
/opt/cmake-3.9.1/bin/cmake -E cmake_link_script CMakeFiles/cmTC_79fcd.dir/link.txt --verbose=1
/usr/bin/cc      -rdynamic CMakeFiles/cmTC_79fcd.dir/CheckSymbolExists.c.o  -o cmTC_79fcd 
CMakeFiles/cmTC_79fcd.dir/CheckSymbolExists.c.o：在函数‘main’中：
CheckSymbolExists.c:(.text+0x16)：对‘pthread_create’未定义的引用
collect2: error: ld returned 1 exit status
CMakeFiles/cmTC_79fcd.dir/build.make:97: recipe for target 'cmTC_79fcd' failed
make[1]: *** [cmTC_79fcd] Error 1
make[1]: Leaving directory '/home/dylan/catkin__ws/build/teleop_controller/CMakeFiles/CMakeTmp'
Makefile:126: recipe for target 'cmTC_79fcd/fast' failed
make: *** [cmTC_79fcd/fast] Error 2

File /home/dylan/catkin__ws/build/teleop_controller/CMakeFiles/CMakeTmp/CheckSymbolExists.c:
/* */
#include <pthread.h>

int main(int argc, char** argv)
{
  (void)argv;
#ifndef pthread_create
  return ((int*)(&pthread_create))[argc];
#else
  (void)argc;
  return 0;
#endif
}

Determining if the function pthread_create exists in the pthreads failed with the following output:
Change Dir: /home/dylan/catkin__ws/build/teleop_controller/CMakeFiles/CMakeTmp

Run Build Command:"/usr/bin/make" "cmTC_17e85/fast"
/usr/bin/make -f CMakeFiles/cmTC_17e85.dir/build.make CMakeFiles/cmTC_17e85.dir/build
make[1]: Entering directory '/home/dylan/catkin__ws/build/teleop_controller/CMakeFiles/CMakeTmp'
Building C object CMakeFiles/cmTC_17e85.dir/CheckFunctionExists.c.o
/usr/bin/cc   -DCHECK_FUNCTION_EXISTS=pthread_create   -o CMakeFiles/cmTC_17e85.dir/CheckFunctionExists.c.o   -c /opt/cmake-3.9.1/share/cmake-3.9/Modules/CheckFunctionExists.c
Linking C executable cmTC_17e85
/opt/cmake-3.9.1/bin/cmake -E cmake_link_script CMakeFiles/cmTC_17e85.dir/link.txt --verbose=1
/usr/bin/cc  -DCHECK_FUNCTION_EXISTS=pthread_create    -rdynamic CMakeFiles/cmTC_17e85.dir/CheckFunctionExists.c.o  -o cmTC_17e85 -lpthreads 
/usr/bin/ld: 找不到 -lpthreads
collect2: error: ld returned 1 exit status
CMakeFiles/cmTC_17e85.dir/build.make:97: recipe for target 'cmTC_17e85' failed
make[1]: *** [cmTC_17e85] Error 1
make[1]: Leaving directory '/home/dylan/catkin__ws/build/teleop_controller/CMakeFiles/CMakeTmp'
Makefile:126: recipe for target 'cmTC_17e85/fast' failed
make: *** [cmTC_17e85/fast] Error 2


