Not searching for unused variables given on the command line.
[36m--[0m Using CATKIN_DEVEL_PREFIX: /home/dylan/catkin__ws/devel/.private/button_msgs
[36m--[0m Using CMAKE_PREFIX_PATH: /home/dylan/catkin__ws/devel;/opt/ros/kinetic
[36m--[0m This workspace overlays: /home/dylan/catkin__ws/devel;/opt/ros/kinetic
[36m--[0m Using PYTHON_EXECUTABLE: /usr/bin/python
[36m--[0m Using Debian Python package layout
[36m--[0m Using empy: /usr/bin/empy
[36m--[0m Using CATKIN_ENABLE_TESTING: ON
[36m--[0m Call enable_testing()
[36m--[0m Using CATKIN_TEST_RESULTS_DIR: /home/dylan/catkin__ws/build/button_msgs/test_results
[36m--[0m Found gmock sources under '/usr/src/gmock': gmock will be built
[36m--[0m Found gtest sources under '/usr/src/gmock': gtests will be built
[36m--[0m Using Python nosetests: /usr/bin/nosetests-2.7
[36m--[0m catkin 0.7.14
[36m--[0m Using these message generators: gencpp;geneus;genlisp;gennodejs;genpy
[31m[1mCMake Error[0m at /home/dylan/catkin__ws/build/button_msgs/cmake/button_msgs-genmsg.cmake:3 (message):
  Could not find messages which
  '/home/dylan/catkin__ws/src/button_msgs/msg/button.msg' depends on.  Did
  you forget to specify generate_messages(DEPENDENCIES ...)?

  Cannot locate message [unit8] in package [button_msgs] with paths
  [['/home/dylan/catkin__ws/src/button_msgs/msg']]
[36mCall Stack (most recent call first):[0m
  /opt/ros/kinetic/share/genmsg/cmake/genmsg-extras.cmake:307 (include)
  CMakeLists.txt:18 (generate_messages)


[36m--[0m Configuring incomplete, errors occurred!
See also "/home/dylan/catkin__ws/build/button_msgs/CMakeFiles/CMakeOutput.log".
See also "/home/dylan/catkin__ws/build/button_msgs/CMakeFiles/CMakeError.log".
